<?xml version="1.0" encoding="UTF-8"?>
<testsuite xmlns:xsi="http://www.w3.org/2001/XMLSchema-instance" xsi:noNamespaceSchemaLocation="https://maven.apache.org/surefire/maven-surefire-plugin/xsd/surefire-test-report-3.0.xsd" version="3.0" name="TestSuite" time="11.077" tests="4" errors="0" skipped="0" failures="4">
  <properties>
[...]
</properties>
  <testcase name="runScenario[&quot;View trending&quot;, &quot;Navigation&quot;](1)" classname="runners.TestNGRunner" time="0.121">
    <failure message="io/cucumber/gherkin/Gherkin" type="java.lang.NoClassDefFoundError"><![CDATA[java.lang.NoClassDefFoundError: io/cucumber/gherkin/Gherkin
Caused by: java.lang.ClassNotFoundException: io.cucumber.gherkin.Gherkin
]]></failure>
    <system-out><![CDATA[chrome 100.0.4896.127
]]></system-out>
    <system-err><![CDATA[SLF4J: No SLF4J providers were found.
SLF4J: Defaulting to no-operation (NOP) logger implementation
SLF4J: See http://www.slf4j.org/codes.html#noProviders for further details.
Starting ChromeDriver 100.0.4896.60 (6a5d10861ce8de5fce22564658033b43cb7de047-refs/branch-heads/4896@{#875}) on port 60180
Only local connections are allowed.
Please see https://chromedriver.chromium.org/security-considerations for suggestions on keeping ChromeDriver safe.
ChromeDriver was started successfully.
Apr 24, 2022 8:57:30 AM org.openqa.selenium.remote.ProtocolHandshake createSession
INFO: Detected dialect: W3C
Apr 24, 2022 8:57:30 AM org.openqa.selenium.devtools.CdpVersionFinder findNearestMatch
WARNING: Unable to find an exact match for CDP version 100, so returning the closest version found: 99
Apr 24, 2022 8:57:30 AM org.openqa.selenium.devtools.CdpVersionFinder findNearestMatch
INFO: Found CDP implementation for version 100 of 99
]]></system-err>
  </testcase>
  <testcase name="runScenario[&quot;View trending&quot;, &quot;Navigation&quot;](2)" classname="runners.TestNGRunner" time="0">
    <failure message="io/cucumber/gherkin/Gherkin" type="java.lang.NoClassDefFoundError"><![CDATA[java.lang.NoClassDefFoundError: io/cucumber/gherkin/Gherkin
Caused by: java.lang.ClassNotFoundException: io.cucumber.gherkin.Gherkin
]]></failure>
    <system-out><![CDATA[chrome 100.0.4896.127
]]></system-out>
    <system-err><![CDATA[Starting ChromeDriver 100.0.4896.60 (6a5d10861ce8de5fce22564658033b43cb7de047-refs/branch-heads/4896@{#875}) on port 55626
Only local connections are allowed.
Please see https://chromedriver.chromium.org/security-considerations for suggestions on keeping ChromeDriver safe.
ChromeDriver was started successfully.
Apr 24, 2022 8:57:33 AM org.openqa.selenium.remote.ProtocolHandshake createSession
INFO: Detected dialect: W3C
Apr 24, 2022 8:57:33 AM org.openqa.selenium.devtools.CdpVersionFinder findNearestMatch
WARNING: Unable to find an exact match for CDP version 100, so returning the closest version found: 99
Apr 24, 2022 8:57:33 AM org.openqa.selenium.devtools.CdpVersionFinder findNearestMatch
INFO: Found CDP implementation for version 100 of 99
]]></system-err>
  </testcase>
  <testcase name="runScenario[&quot;View trending&quot;, &quot;Navigation&quot;](3)" classname="runners.TestNGRunner" time="0.001">
    <failure message="io/cucumber/gherkin/Gherkin" type="java.lang.NoClassDefFoundError"><![CDATA[java.lang.NoClassDefFoundError: io/cucumber/gherkin/Gherkin
Caused by: java.lang.ClassNotFoundException: io.cucumber.gherkin.Gherkin
]]></failure>
    <system-out><![CDATA[chrome 100.0.4896.127
]]></system-out>
    <system-err><![CDATA[Starting ChromeDriver 100.0.4896.60 (6a5d10861ce8de5fce22564658033b43cb7de047-refs/branch-heads/4896@{#875}) on port 57965
Only local connections are allowed.
Please see https://chromedriver.chromium.org/security-considerations for suggestions on keeping ChromeDriver safe.
ChromeDriver was started successfully.
Apr 24, 2022 8:57:34 AM org.openqa.selenium.remote.ProtocolHandshake createSession
INFO: Detected dialect: W3C
Apr 24, 2022 8:57:34 AM org.openqa.selenium.devtools.CdpVersionFinder findNearestMatch
WARNING: Unable to find an exact match for CDP version 100, so returning the closest version found: 99
Apr 24, 2022 8:57:34 AM org.openqa.selenium.devtools.CdpVersionFinder findNearestMatch
INFO: Found CDP implementation for version 100 of 99
]]></system-err>
  </testcase>
  <testcase name="runScenario[&quot;View shop by department&quot;, &quot;Navigation&quot;](4)" classname="runners.TestNGRunner" time="0.004">
    <failure message="io/cucumber/gherkin/Gherkin" type="java.lang.NoClassDefFoundError"><![CDATA[java.lang.NoClassDefFoundError: io/cucumber/gherkin/Gherkin
Caused by: java.lang.ClassNotFoundException: io.cucumber.gherkin.Gherkin
]]></failure>
    <system-out><![CDATA[chrome 100.0.4896.127
]]></system-out>
    <system-err><![CDATA[Starting ChromeDriver 100.0.4896.60 (6a5d10861ce8de5fce22564658033b43cb7de047-refs/branch-heads/4896@{#875}) on port 57252
Only local connections are allowed.
Please see https://chromedriver.chromium.org/security-considerations for suggestions on keeping ChromeDriver safe.
ChromeDriver was started successfully.
Apr 24, 2022 8:57:36 AM org.openqa.selenium.remote.ProtocolHandshake createSession
INFO: Detected dialect: W3C
Apr 24, 2022 8:57:36 AM org.openqa.selenium.devtools.CdpVersionFinder findNearestMatch
WARNING: Unable to find an exact match for CDP version 100, so returning the closest version found: 99
Apr 24, 2022 8:57:36 AM org.openqa.selenium.devtools.CdpVersionFinder findNearestMatch
INFO: Found CDP implementation for version 100 of 99
]]></system-err>
  </testcase>
</testsuite>